[1388] [35976] [2019-10-11 15:16:37,292] [root] [INFO] [jsonGeneration program is starting!]
[1388] [35976] [2019-10-11 15:16:37,292] [root] [INFO] [jsonGeneration program is starting!]
[31608] [23852] [2019-10-11 15:19:48,258] [root] [INFO] [jsonGeneration program is starting!]
[31608] [23852] [2019-10-11 15:19:48,258] [root] [INFO] [jsonGeneration program is starting!]
[31608] [23852] [2019-10-11 15:19:48,259] [root] [INFO] [program is dealing with 23214-f30.txt!]
[31608] [23852] [2019-10-11 15:19:48,259] [root] [INFO] [program is dealing with 23214-f30.txt!]
[31608] [23852] [2019-10-11 15:19:48,265] [root] [INFO] [keywords=3GPP, Architecture, EPC, Control plane, User plane,Separation]
[31608] [23852] [2019-10-11 15:19:48,265] [root] [INFO] [keywords=3GPP, Architecture, EPC, Control plane, User plane,Separation]
[31608] [23852] [2019-10-11 15:19:48,318] [root] [INFO] [Populate Abbreviation List]
[31608] [23852] [2019-10-11 15:19:48,318] [root] [INFO] [Populate Abbreviation List]
[31608] [23852] [2019-10-11 15:19:48,328] [root] [INFO] [program is dealing with 23401-g30.txt!]
[31608] [23852] [2019-10-11 15:19:48,328] [root] [INFO] [program is dealing with 23401-g30.txt!]
[31608] [23852] [2019-10-11 15:19:48,341] [root] [INFO] [keywords=LTE, GSM, UMTS, GPRS, architecture, stage 2]
[31608] [23852] [2019-10-11 15:19:48,341] [root] [INFO] [keywords=LTE, GSM, UMTS, GPRS, architecture, stage 2]
[31608] [23852] [2019-10-11 15:19:49,113] [root] [INFO] [Populate Abbreviation List]
[31608] [23852] [2019-10-11 15:19:49,113] [root] [INFO] [Populate Abbreviation List]
[31608] [23852] [2019-10-11 15:19:49,152] [root] [INFO] [program is dealing with 29244-g00.txt!]
[31608] [23852] [2019-10-11 15:19:49,152] [root] [INFO] [program is dealing with 29244-g00.txt!]
[31608] [23852] [2019-10-11 15:19:49,157] [root] [INFO] [keywords=3GPP, EPC, PFCP]
[31608] [23852] [2019-10-11 15:19:49,157] [root] [INFO] [keywords=3GPP, EPC, PFCP]
[31608] [23852] [2019-10-11 15:19:49,559] [root] [INFO] [Populate Abbreviation List]
[31608] [23852] [2019-10-11 15:19:49,559] [root] [INFO] [Populate Abbreviation List]
[31608] [23852] [2019-10-11 15:19:49,605] [root] [INFO] [program is dealing with 29274-f40.txt!]
[31608] [23852] [2019-10-11 15:19:49,605] [root] [INFO] [program is dealing with 29274-f40.txt!]
[31608] [23852] [2019-10-11 15:19:49,618] [root] [INFO] [keywords=GSM, UMTS, packet mode, GPRS, LTE]
[31608] [23852] [2019-10-11 15:19:49,618] [root] [INFO] [keywords=GSM, UMTS, packet mode, GPRS, LTE]
[31608] [23852] [2019-10-11 15:19:50,132] [root] [INFO] [Populate Abbreviation List]
[31608] [23852] [2019-10-11 15:19:50,132] [root] [INFO] [Populate Abbreviation List]
[31608] [23852] [2019-10-11 15:19:50,171] [root] [INFO] [program is dealing with 32251-f50.txt!]
[31608] [23852] [2019-10-11 15:19:50,171] [root] [INFO] [program is dealing with 32251-f50.txt!]
[31608] [23852] [2019-10-11 15:19:50,177] [root] [INFO] [keywords=GSM, UMTS, LTE, charging, management, packet switched]
[31608] [23852] [2019-10-11 15:19:50,177] [root] [INFO] [keywords=GSM, UMTS, LTE, charging, management, packet switched]
[31608] [23852] [2019-10-11 15:19:50,258] [root] [INFO] [Populate Abbreviation List]
[31608] [23852] [2019-10-11 15:19:50,258] [root] [INFO] [Populate Abbreviation List]
[31608] [23852] [2019-10-11 15:19:50,277] [root] [INFO] [program is dealing with 32298-g10.txt!]
[31608] [23852] [2019-10-11 15:19:50,277] [root] [INFO] [program is dealing with 32298-g10.txt!]
[31608] [23852] [2019-10-11 15:19:50,293] [root] [INFO] [keywords=charging, management, protocol, CDR, ASN.1]
[31608] [23852] [2019-10-11 15:19:50,293] [root] [INFO] [keywords=charging, management, protocol, CDR, ASN.1]
[31608] [23852] [2019-10-11 15:19:50,680] [root] [INFO] [Populate Abbreviation List]
[31608] [23852] [2019-10-11 15:19:50,680] [root] [INFO] [Populate Abbreviation List]
[31608] [23852] [2019-10-11 15:19:50,721] [root] [INFO] [program is dealing with 32299-g10.txt!]
[31608] [23852] [2019-10-11 15:19:50,721] [root] [INFO] [program is dealing with 32299-g10.txt!]
[31608] [23852] [2019-10-11 15:19:50,724] [root] [INFO] [keywords=charging, management, protocol, Diameter]
[31608] [23852] [2019-10-11 15:19:50,724] [root] [INFO] [keywords=charging, management, protocol, Diameter]
[31608] [23852] [2019-10-11 15:19:50,924] [root] [INFO] [Populate Abbreviation List]
[31608] [23852] [2019-10-11 15:19:50,924] [root] [INFO] [Populate Abbreviation List]
[2492] [19820] [2019-10-11 15:19:54,605] [root] [INFO] [jsonGeneration program is starting!]
[2492] [19820] [2019-10-11 15:19:54,605] [root] [INFO] [jsonGeneration program is starting!]
[2492] [19820] [2019-10-11 15:20:56,335] [root] [INFO] [program is dealing with 23214-f30.txt!]
[2492] [19820] [2019-10-11 15:20:56,335] [root] [INFO] [program is dealing with 23214-f30.txt!]
[2492] [19820] [2019-10-11 15:20:56,341] [root] [INFO] [keywords=3GPP, Architecture, EPC, Control plane, User plane,Separation]
[2492] [19820] [2019-10-11 15:20:56,341] [root] [INFO] [keywords=3GPP, Architecture, EPC, Control plane, User plane,Separation]
[2492] [19820] [2019-10-11 15:20:56,425] [root] [INFO] [Populate Abbreviation List]
[2492] [19820] [2019-10-11 15:20:56,425] [root] [INFO] [Populate Abbreviation List]
[2492] [19820] [2019-10-11 15:20:59,243] [root] [INFO] [program is dealing with 23401-g30.txt!]
[2492] [19820] [2019-10-11 15:20:59,243] [root] [INFO] [program is dealing with 23401-g30.txt!]
[2492] [19820] [2019-10-11 15:20:59,262] [root] [INFO] [keywords=LTE, GSM, UMTS, GPRS, architecture, stage 2]
[2492] [19820] [2019-10-11 15:20:59,262] [root] [INFO] [keywords=LTE, GSM, UMTS, GPRS, architecture, stage 2]
[2492] [19820] [2019-10-11 15:21:00,288] [root] [INFO] [Populate Abbreviation List]
[2492] [19820] [2019-10-11 15:21:00,288] [root] [INFO] [Populate Abbreviation List]
[22284] [29336] [2019-10-11 15:24:27,194] [root] [INFO] [jsonGeneration program is starting!]
[22284] [29336] [2019-10-11 15:24:27,194] [root] [INFO] [jsonGeneration program is starting!]
[22284] [29336] [2019-10-11 15:24:34,132] [root] [INFO] [program is dealing with 23214-f30.txt!]
[22284] [29336] [2019-10-11 15:24:34,132] [root] [INFO] [program is dealing with 23214-f30.txt!]
[22284] [29336] [2019-10-11 15:24:34,149] [root] [INFO] [keywords=3GPP, Architecture, EPC, Control plane, User plane,Separation]
[22284] [29336] [2019-10-11 15:24:34,149] [root] [INFO] [keywords=3GPP, Architecture, EPC, Control plane, User plane,Separation]
[22284] [29336] [2019-10-11 15:25:02,288] [root] [INFO] [Populate Abbreviation List]
[22284] [29336] [2019-10-11 15:25:02,288] [root] [INFO] [Populate Abbreviation List]
[22284] [29336] [2019-10-11 15:25:42,554] [root] [INFO] [program is dealing with 23401-g30.txt!]
[22284] [29336] [2019-10-11 15:25:42,554] [root] [INFO] [program is dealing with 23401-g30.txt!]
[22284] [29336] [2019-10-11 15:25:42,566] [root] [INFO] [keywords=LTE, GSM, UMTS, GPRS, architecture, stage 2]
[22284] [29336] [2019-10-11 15:25:42,566] [root] [INFO] [keywords=LTE, GSM, UMTS, GPRS, architecture, stage 2]
[30564] [36892] [2019-10-11 15:27:22,526] [root] [INFO] [jsonGeneration program is starting!]
[30564] [36892] [2019-10-11 15:27:22,526] [root] [INFO] [jsonGeneration program is starting!]
[30564] [36892] [2019-10-11 15:27:22,526] [root] [INFO] [program is dealing with 23214-f30.txt!]
[30564] [36892] [2019-10-11 15:27:22,526] [root] [INFO] [program is dealing with 23214-f30.txt!]
[30564] [36892] [2019-10-11 15:27:22,529] [root] [INFO] [keywords=3GPP, Architecture, EPC, Control plane, User plane,Separation]
[30564] [36892] [2019-10-11 15:27:22,529] [root] [INFO] [keywords=3GPP, Architecture, EPC, Control plane, User plane,Separation]
[30564] [36892] [2019-10-11 15:27:22,578] [root] [INFO] [Populate Abbreviation List]
[30564] [36892] [2019-10-11 15:27:22,578] [root] [INFO] [Populate Abbreviation List]
[30564] [36892] [2019-10-11 15:27:22,595] [root] [INFO] [program is dealing with 23401-g30.txt!]
[30564] [36892] [2019-10-11 15:27:22,595] [root] [INFO] [program is dealing with 23401-g30.txt!]
[30564] [36892] [2019-10-11 15:27:22,605] [root] [INFO] [keywords=LTE, GSM, UMTS, GPRS, architecture, stage 2]
[30564] [36892] [2019-10-11 15:27:22,605] [root] [INFO] [keywords=LTE, GSM, UMTS, GPRS, architecture, stage 2]
[30564] [36892] [2019-10-11 15:27:23,339] [root] [INFO] [Populate Abbreviation List]
[30564] [36892] [2019-10-11 15:27:23,339] [root] [INFO] [Populate Abbreviation List]
[30564] [36892] [2019-10-11 15:27:23,371] [root] [INFO] [program is dealing with 29244-g00.txt!]
[30564] [36892] [2019-10-11 15:27:23,371] [root] [INFO] [program is dealing with 29244-g00.txt!]
[30564] [36892] [2019-10-11 15:27:23,375] [root] [INFO] [keywords=3GPP, EPC, PFCP]
[30564] [36892] [2019-10-11 15:27:23,375] [root] [INFO] [keywords=3GPP, EPC, PFCP]
[30564] [36892] [2019-10-11 15:27:23,654] [root] [INFO] [Populate Abbreviation List]
[30564] [36892] [2019-10-11 15:27:23,654] [root] [INFO] [Populate Abbreviation List]
[30564] [36892] [2019-10-11 15:27:23,676] [root] [INFO] [program is dealing with 29274-f40.txt!]
[30564] [36892] [2019-10-11 15:27:23,676] [root] [INFO] [program is dealing with 29274-f40.txt!]
[30564] [36892] [2019-10-11 15:27:23,686] [root] [INFO] [keywords=GSM, UMTS, packet mode, GPRS, LTE]
[30564] [36892] [2019-10-11 15:27:23,686] [root] [INFO] [keywords=GSM, UMTS, packet mode, GPRS, LTE]
[30564] [36892] [2019-10-11 15:27:24,022] [root] [INFO] [Populate Abbreviation List]
[30564] [36892] [2019-10-11 15:27:24,022] [root] [INFO] [Populate Abbreviation List]
[30564] [36892] [2019-10-11 15:27:24,076] [root] [INFO] [program is dealing with 32251-f50.txt!]
[30564] [36892] [2019-10-11 15:27:24,076] [root] [INFO] [program is dealing with 32251-f50.txt!]
[30564] [36892] [2019-10-11 15:27:24,081] [root] [INFO] [keywords=GSM, UMTS, LTE, charging, management, packet switched]
[30564] [36892] [2019-10-11 15:27:24,081] [root] [INFO] [keywords=GSM, UMTS, LTE, charging, management, packet switched]
[30564] [36892] [2019-10-11 15:27:24,167] [root] [INFO] [Populate Abbreviation List]
[30564] [36892] [2019-10-11 15:27:24,167] [root] [INFO] [Populate Abbreviation List]
[30564] [36892] [2019-10-11 15:27:24,190] [root] [INFO] [program is dealing with 32298-g10.txt!]
[30564] [36892] [2019-10-11 15:27:24,190] [root] [INFO] [program is dealing with 32298-g10.txt!]
[30564] [36892] [2019-10-11 15:27:24,197] [root] [INFO] [keywords=charging, management, protocol, CDR, ASN.1]
[30564] [36892] [2019-10-11 15:27:24,197] [root] [INFO] [keywords=charging, management, protocol, CDR, ASN.1]
[30564] [36892] [2019-10-11 15:27:24,527] [root] [INFO] [Populate Abbreviation List]
[30564] [36892] [2019-10-11 15:27:24,527] [root] [INFO] [Populate Abbreviation List]
[30564] [36892] [2019-10-11 15:27:24,556] [root] [INFO] [program is dealing with 32299-g10.txt!]
[30564] [36892] [2019-10-11 15:27:24,556] [root] [INFO] [program is dealing with 32299-g10.txt!]
[30564] [36892] [2019-10-11 15:27:24,559] [root] [INFO] [keywords=charging, management, protocol, Diameter]
[30564] [36892] [2019-10-11 15:27:24,559] [root] [INFO] [keywords=charging, management, protocol, Diameter]
[30564] [36892] [2019-10-11 15:27:24,729] [root] [INFO] [Populate Abbreviation List]
[30564] [36892] [2019-10-11 15:27:24,729] [root] [INFO] [Populate Abbreviation List]
[15476] [33196] [2019-10-11 18:03:02,458] [root] [INFO] [jsonGeneration program is starting!]
[15476] [33196] [2019-10-11 18:03:02,458] [root] [INFO] [jsonGeneration program is starting!]
[35296] [28152] [2019-10-11 18:03:33,442] [root] [INFO] [jsonGeneration program is starting!]
[35296] [28152] [2019-10-11 18:03:33,442] [root] [INFO] [jsonGeneration program is starting!]
[35296] [28152] [2019-10-11 18:03:33,443] [root] [INFO] [program is dealing with 32251-f50.txt!]
[35296] [28152] [2019-10-11 18:03:33,443] [root] [INFO] [program is dealing with 32251-f50.txt!]
[35296] [28152] [2019-10-11 18:03:33,447] [root] [INFO] [keywords=GSM, UMTS, LTE, charging, management, packet switched]
[35296] [28152] [2019-10-11 18:03:33,447] [root] [INFO] [keywords=GSM, UMTS, LTE, charging, management, packet switched]
[35296] [28152] [2019-10-11 18:03:33,522] [root] [INFO] [Populate Abbreviation List]
[35296] [28152] [2019-10-11 18:03:33,522] [root] [INFO] [Populate Abbreviation List]
[25640] [25432] [2019-10-11 18:04:10,502] [root] [INFO] [jsonGeneration program is starting!]
[25640] [25432] [2019-10-11 18:04:10,502] [root] [INFO] [jsonGeneration program is starting!]
[25640] [25432] [2019-10-11 18:04:10,502] [root] [INFO] [program is dealing with 32251-f50.txt!]
[25640] [25432] [2019-10-11 18:04:10,502] [root] [INFO] [program is dealing with 32251-f50.txt!]
[25640] [25432] [2019-10-11 18:04:10,508] [root] [INFO] [keywords=GSM, UMTS, LTE, charging, management, packet switched]
[25640] [25432] [2019-10-11 18:04:10,508] [root] [INFO] [keywords=GSM, UMTS, LTE, charging, management, packet switched]
[25640] [25432] [2019-10-11 18:04:10,597] [root] [INFO] [Populate Abbreviation List]
[25640] [25432] [2019-10-11 18:04:10,597] [root] [INFO] [Populate Abbreviation List]
[25640] [25432] [2019-10-11 18:04:10,616] [root] [INFO] [program is dealing with 32298-g10.txt!]
[25640] [25432] [2019-10-11 18:04:10,616] [root] [INFO] [program is dealing with 32298-g10.txt!]
[25640] [25432] [2019-10-11 18:04:10,622] [root] [INFO] [keywords=charging, management, protocol, CDR, ASN.1]
[25640] [25432] [2019-10-11 18:04:10,622] [root] [INFO] [keywords=charging, management, protocol, CDR, ASN.1]
[25640] [25432] [2019-10-11 18:04:11,016] [root] [INFO] [Populate Abbreviation List]
[25640] [25432] [2019-10-11 18:04:11,016] [root] [INFO] [Populate Abbreviation List]
[25640] [25432] [2019-10-11 18:04:11,045] [root] [INFO] [program is dealing with 32299-g10.txt!]
[25640] [25432] [2019-10-11 18:04:11,045] [root] [INFO] [program is dealing with 32299-g10.txt!]
[25640] [25432] [2019-10-11 18:04:11,047] [root] [INFO] [keywords=charging, management, protocol, Diameter]
[25640] [25432] [2019-10-11 18:04:11,047] [root] [INFO] [keywords=charging, management, protocol, Diameter]
[25640] [25432] [2019-10-11 18:04:11,363] [root] [INFO] [Populate Abbreviation List]
[25640] [25432] [2019-10-11 18:04:11,363] [root] [INFO] [Populate Abbreviation List]
[35904] [37712] [2019-10-11 18:22:48,427] [root] [INFO] [jsonGeneration program is starting!]
[35904] [37712] [2019-10-11 18:22:48,427] [root] [INFO] [jsonGeneration program is starting!]
[35904] [37712] [2019-10-11 18:22:48,427] [root] [INFO] [program is dealing with 32251-f50.txt!]
[35904] [37712] [2019-10-11 18:22:48,427] [root] [INFO] [program is dealing with 32251-f50.txt!]
[35904] [37712] [2019-10-11 18:22:48,432] [root] [INFO] [keywords=GSM, UMTS, LTE, charging, management, packet switched]
[35904] [37712] [2019-10-11 18:22:48,432] [root] [INFO] [keywords=GSM, UMTS, LTE, charging, management, packet switched]
[35904] [37712] [2019-10-11 18:22:48,518] [root] [INFO] [Populate Abbreviation List]
[35904] [37712] [2019-10-11 18:22:48,518] [root] [INFO] [Populate Abbreviation List]
[35904] [37712] [2019-10-11 18:22:48,542] [root] [INFO] [program is dealing with 32298-g10.txt!]
[35904] [37712] [2019-10-11 18:22:48,542] [root] [INFO] [program is dealing with 32298-g10.txt!]
[35904] [37712] [2019-10-11 18:22:48,547] [root] [INFO] [keywords=charging, management, protocol, CDR, ASN.1]
[35904] [37712] [2019-10-11 18:22:48,547] [root] [INFO] [keywords=charging, management, protocol, CDR, ASN.1]
[35904] [37712] [2019-10-11 18:22:48,888] [root] [INFO] [Populate Abbreviation List]
[35904] [37712] [2019-10-11 18:22:48,888] [root] [INFO] [Populate Abbreviation List]
[35904] [37712] [2019-10-11 18:22:48,918] [root] [INFO] [program is dealing with 32299-g10.txt!]
[35904] [37712] [2019-10-11 18:22:48,918] [root] [INFO] [program is dealing with 32299-g10.txt!]
[35904] [37712] [2019-10-11 18:22:48,921] [root] [INFO] [keywords=charging, management, protocol, Diameter]
[35904] [37712] [2019-10-11 18:22:48,921] [root] [INFO] [keywords=charging, management, protocol, Diameter]
[35904] [37712] [2019-10-11 18:22:49,097] [root] [INFO] [Populate Abbreviation List]
[35904] [37712] [2019-10-11 18:22:49,097] [root] [INFO] [Populate Abbreviation List]
